[14:50:12.305:INFO :SpringBaseApplication$Companion:55] Starting SpringBaseApplication.Companion using Java 1.8.0_222 on junghoon.local with PID 35292 (/Users/kimjunghoon/tmp/personal/kakao-fit/build/classes/kotlin/main started by kimjunghoon in /Users/kimjunghoon/tmp/personal/kakao-fit)
[14:50:12.306:DEBUG:SpringBaseApplication$Companion:56] Running with Spring Boot v2.4.1, Spring v5.3.2
[14:50:12.307:INFO :SpringBaseApplication$Companion:664] The following profiles are active: local
[14:50:13.300:INFO :EnableEncryptablePropertiesBeanFactoryPostProcessor:39] Post-processing PropertySource instances
[14:50:13.314:INFO :EncryptablePropertySourceConverter:56] Converting PropertySource configurationProperties [org.springframework.boot.context.properties.source.ConfigurationPropertySourcesPropertySource] to AOP Proxy
[14:50:13.315:INFO :EncryptablePropertySourceConverter:56] Converting PropertySource servletConfigInitParams [org.springframework.core.env.PropertySource$StubPropertySource] to EncryptablePropertySourceWrapper
[14:50:13.315:INFO :EncryptablePropertySourceConverter:56] Converting PropertySource servletContextInitParams [org.springframework.core.env.PropertySource$StubPropertySource] to EncryptablePropertySourceWrapper
[14:50:13.315:INFO :EncryptablePropertySourceConverter:56] Converting PropertySource systemProperties [org.springframework.core.env.PropertiesPropertySource] to EncryptableMapPropertySourceWrapper
[14:50:13.316:INFO :EncryptablePropertySourceConverter:56] Converting PropertySource systemEnvironment [org.springframework.boot.env.SystemEnvironmentPropertySourceEnvironmentPostProcessor$OriginAwareSystemEnvironmentPropertySource] to EncryptableSystemEnvironmentPropertySourceWrapper
[14:50:13.316:INFO :EncryptablePropertySourceConverter:56] Converting PropertySource random [org.springframework.boot.env.RandomValuePropertySource] to EncryptablePropertySourceWrapper
[14:50:13.316:INFO :EncryptablePropertySourceConverter:56] Converting PropertySource Config resource 'class path resource [application.yml]' via location 'optional:classpath:/' [org.springframework.boot.env.OriginTrackedMapPropertySource] to EncryptableMapPropertySourceWrapper
[14:50:13.354:INFO :DefaultLazyPropertyFilter:31] Property Filter custom Bean not found with name 'encryptablePropertyFilter'. Initializing Default Property Filter
[14:50:13.810:INFO :TomcatWebServer:108] Tomcat initialized with port(s): 5001 (http)
[14:50:13.816:INFO :Http11NioProtocol:173] Initializing ProtocolHandler ["http-nio-5001"]
[14:50:13.817:INFO :StandardService:173] Starting service [Tomcat]
[14:50:13.817:INFO :StandardEngine:173] Starting Servlet engine: [Apache Tomcat/9.0.41]
[14:50:13.881:INFO :[/]:173] Initializing Spring embedded WebApplicationContext
[14:50:13.882:INFO :ServletWebServerApplicationContext:289] Root WebApplicationContext: initialization completed in 1542 ms
[14:50:13.943:INFO :DefaultLazyPropertyResolver:35] Property Resolver custom Bean not found with name 'encryptablePropertyResolver'. Initializing Default Property Resolver
[14:50:13.945:INFO :DefaultLazyPropertyDetector:35] Property Detector custom Bean not found with name 'encryptablePropertyDetector'. Initializing Default Property Detector
[14:50:13.971:INFO :JasyptConfig:26] =============     Jasypt Config Start =============
[14:50:13.977:INFO :JasyptConfig:38] =============       Jasypt Config End =============
[14:50:13.979:INFO :DefaultLazyEncryptor:32] Found Custom Encryptor Bean org.jasypt.encryption.pbe.PooledPBEStringEncryptor@5f5effb0 with name: encryptorBean
[14:50:14.015:INFO :DataSourceConfig:30] DataSource Config Start
[14:50:14.018:INFO :DataSourceConfig:36] DataSource Config End
[14:50:14.052:INFO :MybatisConfig:40] ===== MybatisConfig Start =====
[14:50:14.055:INFO :MybatisConfig:47] =====   MybatisConfig End =====
[14:50:14.187:INFO :MybatisConfig:53] ===== sqlSessionTemplate Start =====
[14:50:14.190:INFO :MybatisConfig:55] =====   sqlSessionTemplate End =====
[14:50:14.266:INFO :JpaConfig:39] ===== EntityManagerFactory Start =====
[14:50:14.305:DEBUG:logging:152] Logging Provider: org.jboss.logging.Log4j2LoggerProvider
[14:50:15.294:INFO :LocalContainerEntityManagerFactoryBean:437] Initialized JPA EntityManagerFactory for persistence unit 'default'
[14:50:15.298:INFO :JpaConfig:59] =====   EntityManagerFactory End =====
[14:50:16.123:INFO :JpaConfig:65] ===== TransactionManger Start =====
[14:50:16.124:INFO :JpaConfig:67] =====   TransactionManger End =====
[14:50:16.240:INFO :ThreadPoolTaskExecutor:181] Initializing ExecutorService 'applicationTaskExecutor'
[14:50:16.482:INFO :Http11NioProtocol:173] Starting ProtocolHandler ["http-nio-5001"]
[14:50:16.506:WARN :AnnotationConfigServletWebServerApplicationContext:596] Exception encountered during context initialization - cancelling refresh attempt: org.springframework.context.ApplicationContextException: Failed to start bean 'webServerStartStop'; nested exception is org.springframework.boot.web.server.PortInUseException: Port 5001 is already in use
[14:50:16.507:INFO :ThreadPoolTaskExecutor:218] Shutting down ExecutorService 'applicationTaskExecutor'
[14:50:16.513:INFO :Http11NioProtocol:173] Pausing ProtocolHandler ["http-nio-5001"]
[14:50:16.513:INFO :StandardService:173] Stopping service [Tomcat]
[14:50:16.516:INFO :Http11NioProtocol:173] Stopping ProtocolHandler ["http-nio-5001"]
[14:50:16.516:INFO :Http11NioProtocol:173] Destroying ProtocolHandler ["http-nio-5001"]
[14:50:16.545:ERROR:LoggingFailureAnalysisReporter:40] 

***************************
APPLICATION FAILED TO START
***************************

Description:

Web server failed to start. Port 5001 was already in use.

Action:

Identify and stop the process that's listening on port 5001 or configure this application to listen on another port.

[14:51:00.683:INFO :SpringBaseApplication$Companion:55] Starting SpringBaseApplication.Companion using Java 1.8.0_222 on junghoon.local with PID 35404 (/Users/kimjunghoon/tmp/personal/kakao-fit/build/classes/kotlin/main started by kimjunghoon in /Users/kimjunghoon/tmp/personal/kakao-fit)
[14:51:00.684:DEBUG:SpringBaseApplication$Companion:56] Running with Spring Boot v2.4.1, Spring v5.3.2
[14:51:00.685:INFO :SpringBaseApplication$Companion:664] The following profiles are active: local
[14:51:01.568:INFO :EnableEncryptablePropertiesBeanFactoryPostProcessor:39] Post-processing PropertySource instances
[14:51:01.582:INFO :EncryptablePropertySourceConverter:56] Converting PropertySource configurationProperties [org.springframework.boot.context.properties.source.ConfigurationPropertySourcesPropertySource] to AOP Proxy
[14:51:01.582:INFO :EncryptablePropertySourceConverter:56] Converting PropertySource servletConfigInitParams [org.springframework.core.env.PropertySource$StubPropertySource] to EncryptablePropertySourceWrapper
[14:51:01.583:INFO :EncryptablePropertySourceConverter:56] Converting PropertySource servletContextInitParams [org.springframework.core.env.PropertySource$StubPropertySource] to EncryptablePropertySourceWrapper
[14:51:01.583:INFO :EncryptablePropertySourceConverter:56] Converting PropertySource systemProperties [org.springframework.core.env.PropertiesPropertySource] to EncryptableMapPropertySourceWrapper
[14:51:01.583:INFO :EncryptablePropertySourceConverter:56] Converting PropertySource systemEnvironment [org.springframework.boot.env.SystemEnvironmentPropertySourceEnvironmentPostProcessor$OriginAwareSystemEnvironmentPropertySource] to EncryptableSystemEnvironmentPropertySourceWrapper
[14:51:01.583:INFO :EncryptablePropertySourceConverter:56] Converting PropertySource random [org.springframework.boot.env.RandomValuePropertySource] to EncryptablePropertySourceWrapper
[14:51:01.583:INFO :EncryptablePropertySourceConverter:56] Converting PropertySource Config resource 'class path resource [application.yml]' via location 'optional:classpath:/' [org.springframework.boot.env.OriginTrackedMapPropertySource] to EncryptableMapPropertySourceWrapper
[14:51:01.618:INFO :DefaultLazyPropertyFilter:31] Property Filter custom Bean not found with name 'encryptablePropertyFilter'. Initializing Default Property Filter
[14:51:02.056:INFO :TomcatWebServer:108] Tomcat initialized with port(s): 5001 (http)
[14:51:02.063:INFO :Http11NioProtocol:173] Initializing ProtocolHandler ["http-nio-5001"]
[14:51:02.064:INFO :StandardService:173] Starting service [Tomcat]
[14:51:02.064:INFO :StandardEngine:173] Starting Servlet engine: [Apache Tomcat/9.0.41]
[14:51:02.126:INFO :[/]:173] Initializing Spring embedded WebApplicationContext
[14:51:02.126:INFO :ServletWebServerApplicationContext:289] Root WebApplicationContext: initialization completed in 1411 ms
[14:51:02.187:INFO :DefaultLazyPropertyResolver:35] Property Resolver custom Bean not found with name 'encryptablePropertyResolver'. Initializing Default Property Resolver
[14:51:02.189:INFO :DefaultLazyPropertyDetector:35] Property Detector custom Bean not found with name 'encryptablePropertyDetector'. Initializing Default Property Detector
[14:51:02.212:INFO :JasyptConfig:26] =============     Jasypt Config Start =============
[14:51:02.218:INFO :JasyptConfig:38] =============       Jasypt Config End =============
[14:51:02.221:INFO :DefaultLazyEncryptor:32] Found Custom Encryptor Bean org.jasypt.encryption.pbe.PooledPBEStringEncryptor@5f5effb0 with name: encryptorBean
[14:51:02.256:INFO :DataSourceConfig:30] DataSource Config Start
[14:51:02.258:INFO :DataSourceConfig:36] DataSource Config End
[14:51:02.288:INFO :MybatisConfig:40] ===== MybatisConfig Start =====
[14:51:02.290:INFO :MybatisConfig:47] =====   MybatisConfig End =====
[14:51:02.422:INFO :MybatisConfig:53] ===== sqlSessionTemplate Start =====
[14:51:02.425:INFO :MybatisConfig:55] =====   sqlSessionTemplate End =====
[14:51:02.500:INFO :JpaConfig:39] ===== EntityManagerFactory Start =====
[14:51:02.533:DEBUG:logging:152] Logging Provider: org.jboss.logging.Log4j2LoggerProvider
[14:51:03.398:INFO :LocalContainerEntityManagerFactoryBean:437] Initialized JPA EntityManagerFactory for persistence unit 'default'
[14:51:03.401:INFO :JpaConfig:59] =====   EntityManagerFactory End =====
[14:51:04.192:INFO :JpaConfig:65] ===== TransactionManger Start =====
[14:51:04.192:INFO :JpaConfig:67] =====   TransactionManger End =====
[14:51:04.308:INFO :ThreadPoolTaskExecutor:181] Initializing ExecutorService 'applicationTaskExecutor'
[14:51:04.581:INFO :Http11NioProtocol:173] Starting ProtocolHandler ["http-nio-5001"]
[14:51:04.614:INFO :TomcatWebServer:220] Tomcat started on port(s): 5001 (http) with context path ''
[14:51:04.830:INFO :SpringBaseApplication$Companion:61] Started SpringBaseApplication.Companion in 4.515 seconds (JVM running for 4.951)
[14:51:04.836:INFO :SpringBaseApplication:34] =============     Check Profile START =============
[14:51:04.836:INFO :SpringBaseApplication:36] local
[14:51:04.836:INFO :SpringBaseApplication:37] =============       Check Profile End ============= : activate profile count: 1
[14:51:04.836:INFO :SpringBaseApplication:40] ============= Check Loaded Bean START =============
[14:51:04.837:INFO :SpringBaseApplication:41] Loaded Bean : 375
[14:51:04.837:INFO :SpringBaseApplication:42] =============   Check Loaded Bean END =============
[14:51:04.837:INFO :SpringBaseApplication:44] =============             AppMain End ============= : 4618 ms
[14:51:12.131:INFO :[/]:173] Initializing Spring DispatcherServlet 'dispatcherServlet'
[14:51:12.131:INFO :DispatcherServlet:525] Initializing Servlet 'dispatcherServlet'
[14:51:12.134:INFO :DispatcherServlet:547] Completed initialization in 1 ms
[15:31:13.435:INFO :ControllerAdvice:40]   session ID : E6150850355FD7537BCE97169B45533C
[15:31:13.437:INFO :ControllerAdvice:41]    client IP : null
[15:31:13.438:INFO :ControllerAdvice:42]          GID : 3df45a31-3cee-4659-8cde-8ad5b3463d05
[15:31:13.438:INFO :ControllerAdvice:43]       method : Current HttpServletRequest.method
[15:31:13.438:INFO :ControllerAdvice:44]  request URL : GET
[15:31:13.438:INFO :ControllerAdvice:45] query string : null
[15:31:13.445:INFO :ControllerAdvice:51]         body : null
[15:31:13.445:INFO :ControllerAdvice:52]      referer : http://localhost:3001/
[15:31:13.445:INFO :ControllerAdvice:53] >>>>> controller start [TestController.testController()]
[15:31:13.450:INFO :ServiceAdvice:39] >>>>> service start [TestService.testService()] 
[15:31:13.480:DEBUG:selectTestOne:137] ==>  Preparing: select /* selectTestOne @ test @ 테스트 단건 조회 */ id , value from ringfit.test_mst limit 1
[15:31:13.492:DEBUG:selectTestOne:137] ==> Parameters: 
[15:31:13.617:DEBUG:selectTestOne:137] <==      Total: 1
[15:31:13.619:INFO :ServiceAdvice:48] <<<<<   service end [TestService.testService()] [169 ms]
[15:31:13.619:INFO :ControllerAdvice:63] <<<<<   controller end [TestController.testController()] [174 ms] 
[15:31:41.803:INFO :ControllerAdvice:40]   session ID : 91EC352B930F248DFE5223590A9D83C3
[15:31:41.804:INFO :ControllerAdvice:41]    client IP : null
[15:31:41.804:INFO :ControllerAdvice:42]          GID : d1638438-b38f-4cba-ac2e-a1270a731c03
[15:31:41.804:INFO :ControllerAdvice:43]       method : Current HttpServletRequest.method
[15:31:41.804:INFO :ControllerAdvice:44]  request URL : GET
[15:31:41.805:INFO :ControllerAdvice:45] query string : null
[15:31:41.805:INFO :ControllerAdvice:51]         body : null
[15:31:41.805:INFO :ControllerAdvice:52]      referer : http://localhost:5001/swagger-ui/
[15:31:41.805:INFO :ControllerAdvice:53] >>>>> controller start [TestController.testController()]
[15:31:41.806:INFO :ServiceAdvice:39] >>>>> service start [TestService.testService()] 
[15:31:41.806:DEBUG:selectTestOne:137] ==>  Preparing: select /* selectTestOne @ test @ 테스트 단건 조회 */ id , value from ringfit.test_mst limit 1
[15:31:41.807:DEBUG:selectTestOne:137] ==> Parameters: 
[15:31:41.817:DEBUG:selectTestOne:137] <==      Total: 1
[15:31:41.818:INFO :ServiceAdvice:48] <<<<<   service end [TestService.testService()] [12 ms]
[15:31:41.819:INFO :ControllerAdvice:63] <<<<<   controller end [TestController.testController()] [13 ms] 
[15:32:16.863:INFO :ControllerAdvice:40]   session ID : 4496C705CD48AC1BEBBF570C81474859
[15:32:16.865:INFO :ControllerAdvice:41]    client IP : null
[15:32:16.865:INFO :ControllerAdvice:42]          GID : 0363f55e-f0ec-4800-b461-e49be16858a5
[15:32:16.866:INFO :ControllerAdvice:43]       method : Current HttpServletRequest.method
[15:32:16.866:INFO :ControllerAdvice:44]  request URL : GET
[15:32:16.866:INFO :ControllerAdvice:45] query string : null
[15:32:16.868:INFO :ControllerAdvice:51]         body : null
[15:32:16.868:INFO :ControllerAdvice:52]      referer : http://localhost:3001/
[15:32:16.868:INFO :ControllerAdvice:53] >>>>> controller start [UserController.getUser()]
[15:32:16.872:INFO :ServiceAdvice:39] >>>>> service start [UserService.getUser()] 
[15:32:17.103:DEBUG:SQL:144] 
    select
        comusermst0_.user_id as user_id1_0_,
        comusermst0_.create_dt as create_d2_0_,
        comusermst0_.create_user_id as create_u3_0_,
        comusermst0_.nick_name as nick_nam4_0_,
        comusermst0_.update_dt as update_d5_0_,
        comusermst0_.update_user_id as update_u6_0_,
        comusermst0_.user_name as user_nam7_0_ 
    from
        ringfit.com_user_mst comusermst0_
[15:32:17.153:INFO :ServiceAdvice:48] <<<<<   service end [UserService.getUser()] [280 ms]
[15:32:17.153:INFO :ControllerAdvice:63] <<<<<   controller end [UserController.getUser()] [284 ms] 
[15:42:04.624:INFO :ThreadPoolTaskExecutor:218] Shutting down ExecutorService 'applicationTaskExecutor'
[15:42:12.975:INFO :SpringBaseApplication$Companion:55] Starting SpringBaseApplication.Companion using Java 1.8.0_222 on junghoon.local with PID 39723 (/Users/kimjunghoon/tmp/personal/kakao-fit/build/classes/kotlin/main started by kimjunghoon in /Users/kimjunghoon/tmp/personal/kakao-fit)
[15:42:12.977:DEBUG:SpringBaseApplication$Companion:56] Running with Spring Boot v2.4.1, Spring v5.3.2
[15:42:12.977:INFO :SpringBaseApplication$Companion:664] The following profiles are active: local
[15:42:14.138:INFO :EnableEncryptablePropertiesBeanFactoryPostProcessor:39] Post-processing PropertySource instances
[15:42:14.155:INFO :EncryptablePropertySourceConverter:56] Converting PropertySource configurationProperties [org.springframework.boot.context.properties.source.ConfigurationPropertySourcesPropertySource] to AOP Proxy
[15:42:14.156:INFO :EncryptablePropertySourceConverter:56] Converting PropertySource servletConfigInitParams [org.springframework.core.env.PropertySource$StubPropertySource] to EncryptablePropertySourceWrapper
[15:42:14.156:INFO :EncryptablePropertySourceConverter:56] Converting PropertySource servletContextInitParams [org.springframework.core.env.PropertySource$StubPropertySource] to EncryptablePropertySourceWrapper
[15:42:14.157:INFO :EncryptablePropertySourceConverter:56] Converting PropertySource systemProperties [org.springframework.core.env.PropertiesPropertySource] to EncryptableMapPropertySourceWrapper
[15:42:14.157:INFO :EncryptablePropertySourceConverter:56] Converting PropertySource systemEnvironment [org.springframework.boot.env.SystemEnvironmentPropertySourceEnvironmentPostProcessor$OriginAwareSystemEnvironmentPropertySource] to EncryptableSystemEnvironmentPropertySourceWrapper
[15:42:14.157:INFO :EncryptablePropertySourceConverter:56] Converting PropertySource random [org.springframework.boot.env.RandomValuePropertySource] to EncryptablePropertySourceWrapper
[15:42:14.157:INFO :EncryptablePropertySourceConverter:56] Converting PropertySource Config resource 'class path resource [application.yml]' via location 'optional:classpath:/' [org.springframework.boot.env.OriginTrackedMapPropertySource] to EncryptableMapPropertySourceWrapper
[15:42:14.190:INFO :DefaultLazyPropertyFilter:31] Property Filter custom Bean not found with name 'encryptablePropertyFilter'. Initializing Default Property Filter
[15:42:14.590:INFO :TomcatWebServer:108] Tomcat initialized with port(s): 5001 (http)
[15:42:14.597:INFO :Http11NioProtocol:173] Initializing ProtocolHandler ["http-nio-5001"]
[15:42:14.597:INFO :StandardService:173] Starting service [Tomcat]
[15:42:14.598:INFO :StandardEngine:173] Starting Servlet engine: [Apache Tomcat/9.0.41]
[15:42:14.654:INFO :[/]:173] Initializing Spring embedded WebApplicationContext
[15:42:14.655:INFO :ServletWebServerApplicationContext:289] Root WebApplicationContext: initialization completed in 1625 ms
[15:42:14.718:INFO :DefaultLazyPropertyResolver:35] Property Resolver custom Bean not found with name 'encryptablePropertyResolver'. Initializing Default Property Resolver
[15:42:14.720:INFO :DefaultLazyPropertyDetector:35] Property Detector custom Bean not found with name 'encryptablePropertyDetector'. Initializing Default Property Detector
[15:42:14.745:INFO :JasyptConfig:26] =============     Jasypt Config Start =============
[15:42:14.751:INFO :JasyptConfig:38] =============       Jasypt Config End =============
[15:42:14.753:INFO :DefaultLazyEncryptor:32] Found Custom Encryptor Bean org.jasypt.encryption.pbe.PooledPBEStringEncryptor@5f5effb0 with name: encryptorBean
[15:42:14.789:INFO :DataSourceConfig:30] DataSource Config Start
[15:42:14.792:INFO :DataSourceConfig:36] DataSource Config End
[15:42:14.820:INFO :MybatisConfig:40] ===== MybatisConfig Start =====
[15:42:14.822:INFO :MybatisConfig:47] =====   MybatisConfig End =====
[15:42:14.952:INFO :MybatisConfig:53] ===== sqlSessionTemplate Start =====
[15:42:14.955:INFO :MybatisConfig:55] =====   sqlSessionTemplate End =====
[15:42:15.028:INFO :JpaConfig:39] ===== EntityManagerFactory Start =====
[15:42:15.063:DEBUG:logging:152] Logging Provider: org.jboss.logging.Log4j2LoggerProvider
[15:42:16.076:INFO :LocalContainerEntityManagerFactoryBean:437] Initialized JPA EntityManagerFactory for persistence unit 'default'
[15:42:16.079:INFO :JpaConfig:59] =====   EntityManagerFactory End =====
[15:42:16.843:INFO :JpaConfig:65] ===== TransactionManger Start =====
[15:42:16.844:INFO :JpaConfig:67] =====   TransactionManger End =====
[15:42:16.955:INFO :ThreadPoolTaskExecutor:181] Initializing ExecutorService 'applicationTaskExecutor'
[15:42:17.225:INFO :Http11NioProtocol:173] Starting ProtocolHandler ["http-nio-5001"]
[15:42:17.258:INFO :TomcatWebServer:220] Tomcat started on port(s): 5001 (http) with context path ''
[15:42:17.477:INFO :SpringBaseApplication$Companion:61] Started SpringBaseApplication.Companion in 4.974 seconds (JVM running for 5.726)
[15:42:17.483:INFO :SpringBaseApplication:34] =============     Check Profile START =============
[15:42:17.483:INFO :SpringBaseApplication:36] local
[15:42:17.483:INFO :SpringBaseApplication:37] =============       Check Profile End ============= : activate profile count: 1
[15:42:17.483:INFO :SpringBaseApplication:40] ============= Check Loaded Bean START =============
[15:42:17.484:INFO :SpringBaseApplication:41] Loaded Bean : 376
[15:42:17.484:INFO :SpringBaseApplication:42] =============   Check Loaded Bean END =============
[15:42:17.484:INFO :SpringBaseApplication:44] =============             AppMain End ============= : 5104 ms
[15:42:43.378:INFO :[/]:173] Initializing Spring DispatcherServlet 'dispatcherServlet'
[15:42:43.379:INFO :DispatcherServlet:525] Initializing Servlet 'dispatcherServlet'
[15:42:43.382:INFO :DispatcherServlet:547] Completed initialization in 3 ms
[15:42:54.314:INFO :ControllerAdvice:40]   session ID : D37A7944427DE4EC38E908A19788D599
[15:42:54.315:INFO :ControllerAdvice:41]    client IP : null
[15:42:54.315:INFO :ControllerAdvice:42]          GID : a66417cc-07d8-4f5a-aead-060fc194c1e1
[15:42:54.316:INFO :ControllerAdvice:43]       method : Current HttpServletRequest.method
[15:42:54.316:INFO :ControllerAdvice:44]  request URL : GET
[15:42:54.316:INFO :ControllerAdvice:45] query string : null
[15:42:54.319:INFO :ControllerAdvice:51]         body : null
[15:42:54.319:INFO :ControllerAdvice:52]      referer : http://localhost:3001/
[15:42:54.319:INFO :ControllerAdvice:53] >>>>> controller start [UserController.getUser()]
[15:42:54.323:INFO :ServiceAdvice:39] >>>>> service start [UserService.getUser()] 
[15:42:54.440:DEBUG:SQL:144] 
    select
        comusermst0_.user_id as user_id1_0_,
        comusermst0_.create_dt as create_d2_0_,
        comusermst0_.create_user_id as create_u3_0_,
        comusermst0_.nick_name as nick_nam4_0_,
        comusermst0_.update_dt as update_d5_0_,
        comusermst0_.update_user_id as update_u6_0_,
        comusermst0_.user_name as user_nam7_0_ 
    from
        ringfit.com_user_mst comusermst0_
[15:42:54.474:INFO :ServiceAdvice:48] <<<<<   service end [UserService.getUser()] [151 ms]
[15:42:54.475:INFO :ControllerAdvice:63] <<<<<   controller end [UserController.getUser()] [156 ms] 
[15:43:19.965:INFO :ControllerAdvice:40]   session ID : 353943FC70EEFDD9ABF9F78CD13BA46E
[15:43:19.966:INFO :ControllerAdvice:41]    client IP : null
[15:43:19.966:INFO :ControllerAdvice:42]          GID : b720f9a4-e97c-4223-b218-b5e6e9dbfefa
[15:43:19.967:INFO :ControllerAdvice:43]       method : Current HttpServletRequest.method
[15:43:19.967:INFO :ControllerAdvice:44]  request URL : GET
[15:43:19.967:INFO :ControllerAdvice:45] query string : null
[15:43:19.967:INFO :ControllerAdvice:51]         body : null
[15:43:19.967:INFO :ControllerAdvice:52]      referer : http://localhost:3001/
[15:43:19.968:INFO :ControllerAdvice:53] >>>>> controller start [UserController.getUser()]
[15:43:19.968:INFO :ServiceAdvice:39] >>>>> service start [UserService.getUser()] 
[15:43:19.968:DEBUG:SQL:144] 
    select
        comusermst0_.user_id as user_id1_0_,
        comusermst0_.create_dt as create_d2_0_,
        comusermst0_.create_user_id as create_u3_0_,
        comusermst0_.nick_name as nick_nam4_0_,
        comusermst0_.update_dt as update_d5_0_,
        comusermst0_.update_user_id as update_u6_0_,
        comusermst0_.user_name as user_nam7_0_ 
    from
        ringfit.com_user_mst comusermst0_
[15:43:19.975:INFO :ServiceAdvice:48] <<<<<   service end [UserService.getUser()] [7 ms]
[15:43:19.975:INFO :ControllerAdvice:63] <<<<<   controller end [UserController.getUser()] [7 ms] 
